[debug] [2025-11-09T17:04:48.150Z] ----------------------------------------------------------------------
[debug] [2025-11-09T17:04:48.154Z] Command:       /home/victor/.nvm/versions/node/v20.19.5/bin/node /home/victor/.nvm/versions/node/v20.19.5/bin/firebase init
[debug] [2025-11-09T17:04:48.155Z] CLI Version:   14.24.1
[debug] [2025-11-09T17:04:48.155Z] Platform:      linux
[debug] [2025-11-09T17:04:48.156Z] Node Version:  v20.19.5
[debug] [2025-11-09T17:04:48.156Z] Time:          Sun Nov 09 2025 14:04:48 GMT-0300 (Horário Padrão de Brasília)
[debug] [2025-11-09T17:04:48.156Z] ----------------------------------------------------------------------
[debug] 
[info] 
     ######## #### ########  ######## ########     ###     ######  ########
     ##        ##  ##     ## ##       ##     ##  ##   ##  ##       ##
     ######    ##  ########  ######   ########  #########  ######  ######
     ##        ##  ##    ##  ##       ##     ## ##     ##       ## ##
     ##       #### ##     ## ######## ########  ##     ##  ######  ########

You're about to initialize a Firebase project in this directory:

  /home/victor/Documentos/AquaClean

Before we get started, keep in mind:

  * You are initializing within an existing Firebase project directory

[info] 
=== Project Setup
[info] 
[info] First, let's associate this project directory with a Firebase project.
[info] You can create multiple project aliases by running firebase use --add, 
[info] 
[debug] [2025-11-09T17:05:28.471Z] > command requires scopes: ["email","openid","https://www.googleapis.com/auth/cloudplatformprojects.readonly","https://www.googleapis.com/auth/firebase","https://www.googleapis.com/auth/cloud-platform"]
[debug] [2025-11-09T17:05:28.472Z] > authorizing via signed-in user (leaovic@gmail.com)
[debug] [2025-11-09T17:05:28.474Z] Checked if tokens are valid: false, expires at: 1762708697806
[debug] [2025-11-09T17:05:28.475Z] Checked if tokens are valid: false, expires at: 1762708697806
[debug] [2025-11-09T17:05:28.475Z] > refreshing access token with scopes: []
[debug] [2025-11-09T17:05:28.478Z] >>> [apiv2][query] POST https://www.googleapis.com/oauth2/v3/token [none]
[debug] [2025-11-09T17:05:28.478Z] >>> [apiv2][body] POST https://www.googleapis.com/oauth2/v3/token [omitted]
[debug] [2025-11-09T17:05:28.857Z] <<< [apiv2][status] POST https://www.googleapis.com/oauth2/v3/token 200
[debug] [2025-11-09T17:05:28.857Z] <<< [apiv2][body] POST https://www.googleapis.com/oauth2/v3/token [omitted]
[debug] [2025-11-09T17:05:28.865Z] >>> [apiv2][query] GET https://firebase.googleapis.com/v1beta1/projects/autoolinda-5199e [none]
[debug] [2025-11-09T17:05:29.410Z] <<< [apiv2][status] GET https://firebase.googleapis.com/v1beta1/projects/autoolinda-5199e 200
[debug] [2025-11-09T17:05:29.410Z] <<< [apiv2][body] GET https://firebase.googleapis.com/v1beta1/projects/autoolinda-5199e {"projectId":"autoolinda-5199e","projectNumber":"992114921273","displayName":"autoolinda","name":"projects/autoolinda-5199e","resources":{"hostingSite":"autoolinda-5199e"},"state":"ACTIVE","etag":"1_4b96b1c8-e1e0-430d-874b-d37b2c9234f2"}
[info] i  Using project autoolinda-5199e (autoolinda) . 
[info] 
=== Firestore Setup
[info] i  firestore: ensuring required API firestore.googleapis.com is enabled... 
[debug] [2025-11-09T17:05:29.423Z] Checked if tokens are valid: true, expires at: 1762711527858
[debug] [2025-11-09T17:05:29.423Z] Checked if tokens are valid: true, expires at: 1762711527858
[debug] [2025-11-09T17:05:29.423Z] >>> [apiv2][query] GET https://firestore.googleapis.com/v1/projects/autoolinda-5199e/databases [none]
[debug] [2025-11-09T17:05:30.354Z] <<< [apiv2][status] GET https://firestore.googleapis.com/v1/projects/autoolinda-5199e/databases 200
[debug] [2025-11-09T17:05:30.354Z] <<< [apiv2][body] GET https://firestore.googleapis.com/v1/projects/autoolinda-5199e/databases {"databases":[{"name":"projects/autoolinda-5199e/databases/(default)","uid":"5bf241fc-9a20-438a-b294-21a31c350fc7","createTime":"2025-11-09T16:51:53.261813Z","updateTime":"2025-11-09T16:51:53.261813Z","locationId":"nam5","type":"FIRESTORE_NATIVE","concurrencyMode":"PESSIMISTIC","versionRetentionPeriod":"3600s","earliestVersionTime":"2025-11-09T16:51:53.261813Z","appEngineIntegrationMode":"DISABLED","keyPrefix":"s","pointInTimeRecoveryEnablement":"POINT_IN_TIME_RECOVERY_DISABLED","deleteProtectionState":"DELETE_PROTECTION_DISABLED","databaseEdition":"STANDARD","freeTier":true,"realtimeUpdatesMode":"REALTIME_UPDATES_MODE_ENABLED","etag":"IIS8jODG5ZADMKj94tDF5ZAD"}]}
[info] 
[info] Firestore Security Rules allow you to define how and when to allow
[info] requests. You can keep these rules in your project directory
[info] and publish them with firebase deploy.
[info] 
[debug] [2025-11-09T17:05:30.357Z] Checked if tokens are valid: true, expires at: 1762711527858
[debug] [2025-11-09T17:05:30.357Z] Checked if tokens are valid: true, expires at: 1762711527858
[debug] [2025-11-09T17:05:30.358Z] >>> [apiv2][query] GET https://firebaserules.googleapis.com/v1/projects/autoolinda-5199e/releases pageSize=10&pageToken=
[debug] [2025-11-09T17:05:31.377Z] <<< [apiv2][status] GET https://firebaserules.googleapis.com/v1/projects/autoolinda-5199e/releases 200
[debug] [2025-11-09T17:05:31.378Z] <<< [apiv2][body] GET https://firebaserules.googleapis.com/v1/projects/autoolinda-5199e/releases {"releases":[{"name":"projects/autoolinda-5199e/releases/cloud.firestore","rulesetName":"projects/autoolinda-5199e/rulesets/8c3d5909-818e-4d66-a852-26bd30a6a53f","createTime":"2025-11-09T16:53:09.999201Z","updateTime":"2025-11-09T16:53:09.999201Z"},{"name":"projects/autoolinda-5199e/releases/firebase.storage/autoolinda-5199e.firebasestorage.app","rulesetName":"projects/autoolinda-5199e/rulesets/b62e22e3-7c65-4f50-87c4-42ec24b19137","createTime":"2025-11-09T16:51:21.768669Z","updateTime":"2025-11-09T16:53:08.701144Z"}]}
[debug] [2025-11-09T17:05:31.386Z] Checked if tokens are valid: true, expires at: 1762711527858
[debug] [2025-11-09T17:05:31.387Z] Checked if tokens are valid: true, expires at: 1762711527858
[debug] [2025-11-09T17:05:31.387Z] >>> [apiv2][query] GET https://firebaserules.googleapis.com/v1/projects/autoolinda-5199e/rulesets/8c3d5909-818e-4d66-a852-26bd30a6a53f [none]
[debug] [2025-11-09T17:05:32.401Z] <<< [apiv2][status] GET https://firebaserules.googleapis.com/v1/projects/autoolinda-5199e/rulesets/8c3d5909-818e-4d66-a852-26bd30a6a53f 200
[debug] [2025-11-09T17:05:32.401Z] <<< [apiv2][body] GET https://firebaserules.googleapis.com/v1/projects/autoolinda-5199e/rulesets/8c3d5909-818e-4d66-a852-26bd30a6a53f [omitted]
[info] i  Downloaded the existing Firestore Security Rules from the Firebase console 
[info] i  firestore.rules is unchanged 
[info] 
[info] Firestore indexes allow you to perform complex queries while
[info] maintaining performance that scales with the size of the result
[info] set. You can keep index definitions in your project directory
[info] and publish them with firebase deploy.
[info] 
[debug] [2025-11-09T17:05:34.545Z] Checked if tokens are valid: true, expires at: 1762711527858
[debug] [2025-11-09T17:05:34.545Z] Checked if tokens are valid: true, expires at: 1762711527858
[debug] [2025-11-09T17:05:34.545Z] Checked if tokens are valid: true, expires at: 1762711527858
[debug] [2025-11-09T17:05:34.545Z] Checked if tokens are valid: true, expires at: 1762711527858
[debug] [2025-11-09T17:05:34.545Z] >>> [apiv2][query] GET https://firestore.googleapis.com/v1/projects/autoolinda-5199e/databases/(default)/collectionGroups/-/indexes [none]
[debug] [2025-11-09T17:05:34.546Z] >>> [apiv2][query] GET https://firestore.googleapis.com/v1/projects/autoolinda-5199e/databases/(default)/collectionGroups/-/fields?filter=indexConfig.usesAncestorConfig=false OR ttlConfig:* [none]
[debug] [2025-11-09T17:05:35.472Z] <<< [apiv2][status] GET https://firestore.googleapis.com/v1/projects/autoolinda-5199e/databases/(default)/collectionGroups/-/indexes 200
[debug] [2025-11-09T17:05:35.472Z] <<< [apiv2][body] GET https://firestore.googleapis.com/v1/projects/autoolinda-5199e/databases/(default)/collectionGroups/-/indexes {}
[debug] [2025-11-09T17:05:35.610Z] <<< [apiv2][status] GET https://firestore.googleapis.com/v1/projects/autoolinda-5199e/databases/(default)/collectionGroups/-/fields?filter=indexConfig.usesAncestorConfig=false OR ttlConfig:* 200
[debug] [2025-11-09T17:05:35.611Z] <<< [apiv2][body] GET https://firestore.googleapis.com/v1/projects/autoolinda-5199e/databases/(default)/collectionGroups/-/fields?filter=indexConfig.usesAncestorConfig=false OR ttlConfig:* {"fields":[{"name":"projects/autoolinda-5199e/databases/(default)/collectionGroups/__default__/fields/*","indexConfig":{"indexes":[{"queryScope":"COLLECTION","fields":[{"fieldPath":"*","order":"ASCENDING"}],"state":"READY"},{"queryScope":"COLLECTION","fields":[{"fieldPath":"*","order":"DESCENDING"}],"state":"READY"},{"queryScope":"COLLECTION","fields":[{"fieldPath":"*","arrayConfig":"CONTAINS"}],"state":"READY"}]}}]}
[info] i  Downloaded the existing Firestore indexes from the Firebase console 
[info] ✔  Wrote firestore.rules 
[info] ✔  Wrote firestore.indexes.json 
[info] 
=== Functions Setup
[debug] [2025-11-09T17:05:35.618Z] > command requires scopes: ["email","openid","https://www.googleapis.com/auth/cloudplatformprojects.readonly","https://www.googleapis.com/auth/firebase","https://www.googleapis.com/auth/cloud-platform"]
[debug] [2025-11-09T17:05:35.618Z] > authorizing via signed-in user (leaovic@gmail.com)
[debug] [2025-11-09T17:05:35.619Z] [iam] checking project autoolinda-5199e for permissions ["firebase.projects.get"]
[debug] [2025-11-09T17:05:35.619Z] Checked if tokens are valid: true, expires at: 1762711527858
[debug] [2025-11-09T17:05:35.620Z] Checked if tokens are valid: true, expires at: 1762711527858
[debug] [2025-11-09T17:05:35.620Z] >>> [apiv2][query] POST https://cloudresourcemanager.googleapis.com/v1/projects/autoolinda-5199e:testIamPermissions [none]
[debug] [2025-11-09T17:05:35.620Z] >>> [apiv2][(partial)header] POST https://cloudresourcemanager.googleapis.com/v1/projects/autoolinda-5199e:testIamPermissions x-goog-quota-user=projects/autoolinda-5199e
[debug] [2025-11-09T17:05:35.620Z] >>> [apiv2][body] POST https://cloudresourcemanager.googleapis.com/v1/projects/autoolinda-5199e:testIamPermissions {"permissions":["firebase.projects.get"]}
[debug] [2025-11-09T17:05:36.604Z] <<< [apiv2][status] POST https://cloudresourcemanager.googleapis.com/v1/projects/autoolinda-5199e:testIamPermissions 200
[debug] [2025-11-09T17:05:36.604Z] <<< [apiv2][body] POST https://cloudresourcemanager.googleapis.com/v1/projects/autoolinda-5199e:testIamPermissions {"permissions":["firebase.projects.get"]}
[info] 
Detected existing codebase(s): default

[info] Let's create a new codebase for your functions.
[info] A directory corresponding to the codebase will be created in your project
[info] with sample code pre-configured.

[info] See https://firebase.google.com/docs/functions/organize-functions for
[info] more information on organizing your functions using codebases.

[info] Functions can be deployed with firebase deploy.

[info] ✔  Wrote production/package.json 
[info] ✔  Wrote production/tsconfig.json 
[info] ✔  Wrote production/src/index.ts 
[info] ✔  Wrote production/.gitignore 
[info] 
=== App Hosting Setup
[debug] [2025-11-09T17:06:52.839Z] Checked if tokens are valid: true, expires at: 1762711527858
[debug] [2025-11-09T17:06:52.840Z] Checked if tokens are valid: true, expires at: 1762711527858
[debug] [2025-11-09T17:06:52.840Z] >>> [apiv2][query] GET https://cloudbilling.googleapis.com/v1/projects/autoolinda-5199e/billingInfo [none]
[debug] [2025-11-09T17:06:54.195Z] <<< [apiv2][status] GET https://cloudbilling.googleapis.com/v1/projects/autoolinda-5199e/billingInfo 200
[debug] [2025-11-09T17:06:54.195Z] <<< [apiv2][body] GET https://cloudbilling.googleapis.com/v1/projects/autoolinda-5199e/billingInfo {"name":"projects/autoolinda-5199e/billingInfo","projectId":"autoolinda-5199e","billingAccountName":"billingAccounts/013C18-7E3618-3CAC33","billingEnabled":true}
[debug] [2025-11-09T17:06:54.196Z] Checked if tokens are valid: true, expires at: 1762711527858
[debug] [2025-11-09T17:06:54.196Z] Checked if tokens are valid: true, expires at: 1762711527858
[debug] [2025-11-09T17:06:54.196Z] >>> [apiv2][query] GET https://serviceusage.googleapis.com/v1/projects/autoolinda-5199e/services/firebaseapphosting.googleapis.com [none]
[debug] [2025-11-09T17:06:54.196Z] >>> [apiv2][(partial)header] GET https://serviceusage.googleapis.com/v1/projects/autoolinda-5199e/services/firebaseapphosting.googleapis.com x-goog-quota-user=projects/autoolinda-5199e
[debug] [2025-11-09T17:06:55.654Z] <<< [apiv2][status] GET https://serviceusage.googleapis.com/v1/projects/autoolinda-5199e/services/firebaseapphosting.googleapis.com 200
[debug] [2025-11-09T17:06:55.655Z] <<< [apiv2][body] GET https://serviceusage.googleapis.com/v1/projects/autoolinda-5199e/services/firebaseapphosting.googleapis.com [omitted]
[debug] [2025-11-09T17:06:55.656Z] Checked if tokens are valid: true, expires at: 1762711527858
[debug] [2025-11-09T17:06:55.656Z] Checked if tokens are valid: true, expires at: 1762711527858
[debug] [2025-11-09T17:06:55.656Z] >>> [apiv2][query] POST https://serviceusage.googleapis.com/v1/projects/autoolinda-5199e/services/firebaseapphosting.googleapis.com:enable [none]
[debug] [2025-11-09T17:06:55.656Z] >>> [apiv2][(partial)header] POST https://serviceusage.googleapis.com/v1/projects/autoolinda-5199e/services/firebaseapphosting.googleapis.com:enable x-goog-quota-user=projects/autoolinda-5199e
[debug] [2025-11-09T17:06:56.572Z] <<< [apiv2][status] POST https://serviceusage.googleapis.com/v1/projects/autoolinda-5199e/services/firebaseapphosting.googleapis.com:enable 200
[debug] [2025-11-09T17:06:56.573Z] <<< [apiv2][body] POST https://serviceusage.googleapis.com/v1/projects/autoolinda-5199e/services/firebaseapphosting.googleapis.com:enable [omitted]
[debug] [2025-11-09T17:07:06.591Z] Checked if tokens are valid: true, expires at: 1762711527858
[debug] [2025-11-09T17:07:06.591Z] Checked if tokens are valid: true, expires at: 1762711527858
[debug] [2025-11-09T17:07:06.591Z] Checked if tokens are valid: true, expires at: 1762711527858
[debug] [2025-11-09T17:07:06.592Z] Checked if tokens are valid: true, expires at: 1762711527858
[debug] [2025-11-09T17:07:06.592Z] Checked if tokens are valid: true, expires at: 1762711527858
[debug] [2025-11-09T17:07:06.592Z] Checked if tokens are valid: true, expires at: 1762711527858
[debug] [2025-11-09T17:07:06.592Z] Checked if tokens are valid: true, expires at: 1762711527858
[debug] [2025-11-09T17:07:06.592Z] Checked if tokens are valid: true, expires at: 1762711527858
[debug] [2025-11-09T17:07:06.592Z] >>> [apiv2][query] GET https://serviceusage.googleapis.com/v1/projects/autoolinda-5199e/services/developerconnect.googleapis.com [none]
[debug] [2025-11-09T17:07:06.592Z] >>> [apiv2][(partial)header] GET https://serviceusage.googleapis.com/v1/projects/autoolinda-5199e/services/developerconnect.googleapis.com x-goog-quota-user=projects/autoolinda-5199e
[debug] [2025-11-09T17:07:06.594Z] >>> [apiv2][query] GET https://serviceusage.googleapis.com/v1/projects/autoolinda-5199e/services/secretmanager.googleapis.com [none]
[debug] [2025-11-09T17:07:06.594Z] >>> [apiv2][(partial)header] GET https://serviceusage.googleapis.com/v1/projects/autoolinda-5199e/services/secretmanager.googleapis.com x-goog-quota-user=projects/autoolinda-5199e
[debug] [2025-11-09T17:07:06.595Z] >>> [apiv2][query] GET https://serviceusage.googleapis.com/v1/projects/autoolinda-5199e/services/run.googleapis.com [none]
[debug] [2025-11-09T17:07:06.595Z] >>> [apiv2][(partial)header] GET https://serviceusage.googleapis.com/v1/projects/autoolinda-5199e/services/run.googleapis.com x-goog-quota-user=projects/autoolinda-5199e
[debug] [2025-11-09T17:07:06.596Z] >>> [apiv2][query] GET https://serviceusage.googleapis.com/v1/projects/autoolinda-5199e/services/iam.googleapis.com [none]
[debug] [2025-11-09T17:07:06.596Z] >>> [apiv2][(partial)header] GET https://serviceusage.googleapis.com/v1/projects/autoolinda-5199e/services/iam.googleapis.com x-goog-quota-user=projects/autoolinda-5199e
[debug] [2025-11-09T17:07:07.738Z] <<< [apiv2][status] GET https://serviceusage.googleapis.com/v1/projects/autoolinda-5199e/services/developerconnect.googleapis.com 200
[debug] [2025-11-09T17:07:07.739Z] <<< [apiv2][body] GET https://serviceusage.googleapis.com/v1/projects/autoolinda-5199e/services/developerconnect.googleapis.com [omitted]
[debug] [2025-11-09T17:07:07.739Z] Checked if tokens are valid: true, expires at: 1762711527858
[debug] [2025-11-09T17:07:07.739Z] Checked if tokens are valid: true, expires at: 1762711527858
[debug] [2025-11-09T17:07:07.739Z] >>> [apiv2][query] POST https://serviceusage.googleapis.com/v1/projects/autoolinda-5199e/services/developerconnect.googleapis.com:enable [none]
[debug] [2025-11-09T17:07:07.740Z] >>> [apiv2][(partial)header] POST https://serviceusage.googleapis.com/v1/projects/autoolinda-5199e/services/developerconnect.googleapis.com:enable x-goog-quota-user=projects/autoolinda-5199e
[debug] [2025-11-09T17:07:07.743Z] <<< [apiv2][status] GET https://serviceusage.googleapis.com/v1/projects/autoolinda-5199e/services/run.googleapis.com 200
[debug] [2025-11-09T17:07:07.743Z] <<< [apiv2][body] GET https://serviceusage.googleapis.com/v1/projects/autoolinda-5199e/services/run.googleapis.com [omitted]
[debug] [2025-11-09T17:07:07.752Z] <<< [apiv2][status] GET https://serviceusage.googleapis.com/v1/projects/autoolinda-5199e/services/iam.googleapis.com 200
[debug] [2025-11-09T17:07:07.752Z] <<< [apiv2][body] GET https://serviceusage.googleapis.com/v1/projects/autoolinda-5199e/services/iam.googleapis.com [omitted]
[debug] [2025-11-09T17:07:07.756Z] <<< [apiv2][status] GET https://serviceusage.googleapis.com/v1/projects/autoolinda-5199e/services/secretmanager.googleapis.com 200
[debug] [2025-11-09T17:07:07.756Z] <<< [apiv2][body] GET https://serviceusage.googleapis.com/v1/projects/autoolinda-5199e/services/secretmanager.googleapis.com [omitted]
[debug] [2025-11-09T17:07:09.170Z] <<< [apiv2][status] POST https://serviceusage.googleapis.com/v1/projects/autoolinda-5199e/services/developerconnect.googleapis.com:enable 200
[debug] [2025-11-09T17:07:09.170Z] <<< [apiv2][body] POST https://serviceusage.googleapis.com/v1/projects/autoolinda-5199e/services/developerconnect.googleapis.com:enable [omitted]
[debug] [2025-11-09T17:07:19.187Z] Checked if tokens are valid: true, expires at: 1762711527858
[debug] [2025-11-09T17:07:19.187Z] Checked if tokens are valid: true, expires at: 1762711527858
[debug] [2025-11-09T17:07:19.187Z] >>> [apiv2][query] POST https://iam.googleapis.com/v1/projects/autoolinda-5199e/serviceAccounts/firebase-app-hosting-compute@autoolinda-5199e.iam.gserviceaccount.com:testIamPermissions [none]
[debug] [2025-11-09T17:07:19.188Z] >>> [apiv2][(partial)header] POST https://iam.googleapis.com/v1/projects/autoolinda-5199e/serviceAccounts/firebase-app-hosting-compute@autoolinda-5199e.iam.gserviceaccount.com:testIamPermissions x-goog-quota-user=projects/autoolinda-5199e
[debug] [2025-11-09T17:07:19.188Z] >>> [apiv2][body] POST https://iam.googleapis.com/v1/projects/autoolinda-5199e/serviceAccounts/firebase-app-hosting-compute@autoolinda-5199e.iam.gserviceaccount.com:testIamPermissions {"permissions":["iam.serviceAccounts.actAs"]}
[debug] [2025-11-09T17:07:20.559Z] <<< [apiv2][status] POST https://iam.googleapis.com/v1/projects/autoolinda-5199e/serviceAccounts/firebase-app-hosting-compute@autoolinda-5199e.iam.gserviceaccount.com:testIamPermissions 404
[debug] [2025-11-09T17:07:20.559Z] <<< [apiv2][body] POST https://iam.googleapis.com/v1/projects/autoolinda-5199e/serviceAccounts/firebase-app-hosting-compute@autoolinda-5199e.iam.gserviceaccount.com:testIamPermissions {"error":{"code":404,"message":"Unknown service account","status":"NOT_FOUND"}}
[debug] [2025-11-09T17:07:20.560Z] Checked if tokens are valid: true, expires at: 1762711527858
[debug] [2025-11-09T17:07:20.561Z] Checked if tokens are valid: true, expires at: 1762711527858
[debug] [2025-11-09T17:07:20.561Z] >>> [apiv2][query] POST https://iam.googleapis.com/v1/projects/autoolinda-5199e/serviceAccounts [none]
[debug] [2025-11-09T17:07:20.561Z] >>> [apiv2][body] POST https://iam.googleapis.com/v1/projects/autoolinda-5199e/serviceAccounts {"accountId":"firebase-app-hosting-compute","serviceAccount":{"displayName":"Firebase App Hosting compute service account","description":"Default service account used to run builds and deploys for Firebase App Hosting"}}
[debug] [2025-11-09T17:07:21.351Z] <<< [apiv2][status] POST https://iam.googleapis.com/v1/projects/autoolinda-5199e/serviceAccounts 200
[debug] [2025-11-09T17:07:21.351Z] <<< [apiv2][body] POST https://iam.googleapis.com/v1/projects/autoolinda-5199e/serviceAccounts [omitted]
[debug] [2025-11-09T17:07:21.352Z] Checked if tokens are valid: true, expires at: 1762711527858
[debug] [2025-11-09T17:07:21.352Z] Checked if tokens are valid: true, expires at: 1762711527858
[debug] [2025-11-09T17:07:21.352Z] >>> [apiv2][query] POST https://cloudresourcemanager.googleapis.com/v1/projects/autoolinda-5199e:getIamPolicy [none]
[debug] [2025-11-09T17:07:22.394Z] <<< [apiv2][status] POST https://cloudresourcemanager.googleapis.com/v1/projects/autoolinda-5199e:getIamPolicy 200
[debug] [2025-11-09T17:07:22.394Z] <<< [apiv2][body] POST https://cloudresourcemanager.googleapis.com/v1/projects/autoolinda-5199e:getIamPolicy {"version":1,"etag":"BwZDLFZ43OA=","bindings":[{"role":"roles/artifactregistry.serviceAgent","members":["serviceAccount:service-992114921273@gcp-sa-artifactregistry.iam.gserviceaccount.com"]},{"role":"roles/cloudbuild.builds.builder","members":["serviceAccount:992114921273@cloudbuild.gserviceaccount.com"]},{"role":"roles/cloudbuild.serviceAgent","members":["serviceAccount:service-992114921273@gcp-sa-cloudbuild.iam.gserviceaccount.com"]},{"role":"roles/cloudfunctions.serviceAgent","members":["serviceAccount:service-992114921273@gcf-admin-robot.iam.gserviceaccount.com"]},{"role":"roles/containerregistry.ServiceAgent","members":["serviceAccount:service-992114921273@containerregistry.iam.gserviceaccount.com"]},{"role":"roles/editor","members":["serviceAccount:992114921273-compute@developer.gserviceaccount.com","serviceAccount:992114921273@cloudservices.gserviceaccount.com","serviceAccount:autoolinda-5199e@appspot.gserviceaccount.com"]},{"role":"roles/firebase.managementServiceAgent","members":["serviceAccount:service-992114921273@gcp-sa-firebase.iam.gserviceaccount.com"]},{"role":"roles/firebase.sdkAdminServiceAgent","members":["serviceAccount:firebase-adminsdk-fbsvc@autoolinda-5199e.iam.gserviceaccount.com"]},{"role":"roles/firebaseauth.admin","members":["serviceAccount:firebase-adminsdk-fbsvc@autoolinda-5199e.iam.gserviceaccount.com"]},{"role":"roles/firebasemods.serviceAgent","members":["serviceAccount:service-992114921273@gcp-sa-firebasemods.iam.gserviceaccount.com"]},{"role":"roles/firebaserules.system","members":["serviceAccount:service-992114921273@firebase-rules.iam.gserviceaccount.com"]},{"role":"roles/firebasestorage.serviceAgent","members":["serviceAccount:service-992114921273@gcp-sa-firebasestorage.iam.gserviceaccount.com"]},{"role":"roles/firestore.serviceAgent","members":["serviceAccount:service-992114921273@gcp-sa-firestore.iam.gserviceaccount.com"]},{"role":"roles/iam.serviceAccountTokenCreator","members":["serviceAccount:firebase-adminsdk-fbsvc@autoolinda-5199e.iam.gserviceaccount.com"]},{"role":"roles/owner","members":["user:leaovic@gmail.com"]},{"role":"roles/run.serviceAgent","members":["serviceAccount:service-992114921273@serverless-robot-prod.iam.gserviceaccount.com"]},{"role":"roles/storage.admin","members":["serviceAccount:firebase-adminsdk-fbsvc@autoolinda-5199e.iam.gserviceaccount.com"]}]}
[debug] [2025-11-09T17:07:22.395Z] Checked if tokens are valid: true, expires at: 1762711527858
[debug] [2025-11-09T17:07:22.395Z] Checked if tokens are valid: true, expires at: 1762711527858
[debug] [2025-11-09T17:07:22.395Z] >>> [apiv2][query] POST https://cloudresourcemanager.googleapis.com/v1/projects/autoolinda-5199e:setIamPolicy [none]
[debug] [2025-11-09T17:07:22.396Z] >>> [apiv2][body] POST https://cloudresourcemanager.googleapis.com/v1/projects/autoolinda-5199e:setIamPolicy {"policy":{"version":1,"etag":"BwZDLFZ43OA=","bindings":[{"role":"roles/artifactregistry.serviceAgent","members":["serviceAccount:service-992114921273@gcp-sa-artifactregistry.iam.gserviceaccount.com"]},{"role":"roles/cloudbuild.builds.builder","members":["serviceAccount:992114921273@cloudbuild.gserviceaccount.com"]},{"role":"roles/cloudbuild.serviceAgent","members":["serviceAccount:service-992114921273@gcp-sa-cloudbuild.iam.gserviceaccount.com"]},{"role":"roles/cloudfunctions.serviceAgent","members":["serviceAccount:service-992114921273@gcf-admin-robot.iam.gserviceaccount.com"]},{"role":"roles/containerregistry.ServiceAgent","members":["serviceAccount:service-992114921273@containerregistry.iam.gserviceaccount.com"]},{"role":"roles/editor","members":["serviceAccount:992114921273-compute@developer.gserviceaccount.com","serviceAccount:992114921273@cloudservices.gserviceaccount.com","serviceAccount:autoolinda-5199e@appspot.gserviceaccount.com"]},{"role":"roles/firebase.managementServiceAgent","members":["serviceAccount:service-992114921273@gcp-sa-firebase.iam.gserviceaccount.com"]},{"role":"roles/firebase.sdkAdminServiceAgent","members":["serviceAccount:firebase-adminsdk-fbsvc@autoolinda-5199e.iam.gserviceaccount.com","serviceAccount:firebase-app-hosting-compute@autoolinda-5199e.iam.gserviceaccount.com"]},{"role":"roles/firebaseauth.admin","members":["serviceAccount:firebase-adminsdk-fbsvc@autoolinda-5199e.iam.gserviceaccount.com"]},{"role":"roles/firebasemods.serviceAgent","members":["serviceAccount:service-992114921273@gcp-sa-firebasemods.iam.gserviceaccount.com"]},{"role":"roles/firebaserules.system","members":["serviceAccount:service-992114921273@firebase-rules.iam.gserviceaccount.com"]},{"role":"roles/firebasestorage.serviceAgent","members":["serviceAccount:service-992114921273@gcp-sa-firebasestorage.iam.gserviceaccount.com"]},{"role":"roles/firestore.serviceAgent","members":["serviceAccount:service-992114921273@gcp-sa-firestore.iam.gserviceaccount.com"]},{"role":"roles/iam.serviceAccountTokenCreator","members":["serviceAccount:firebase-adminsdk-fbsvc@autoolinda-5199e.iam.gserviceaccount.com"]},{"role":"roles/owner","members":["user:leaovic@gmail.com"]},{"role":"roles/run.serviceAgent","members":["serviceAccount:service-992114921273@serverless-robot-prod.iam.gserviceaccount.com"]},{"role":"roles/storage.admin","members":["serviceAccount:firebase-adminsdk-fbsvc@autoolinda-5199e.iam.gserviceaccount.com"]},{"role":"roles/firebaseapphosting.computeRunner","members":["serviceAccount:firebase-app-hosting-compute@autoolinda-5199e.iam.gserviceaccount.com"]},{"role":"roles/developerconnect.readTokenAccessor","members":["serviceAccount:firebase-app-hosting-compute@autoolinda-5199e.iam.gserviceaccount.com"]},{"role":"roles/storage.objectViewer","members":["serviceAccount:firebase-app-hosting-compute@autoolinda-5199e.iam.gserviceaccount.com"]}]},"updateMask":"bindings"}
[debug] [2025-11-09T17:07:23.299Z] <<< [apiv2][status] POST https://cloudresourcemanager.googleapis.com/v1/projects/autoolinda-5199e:setIamPolicy 400
[debug] [2025-11-09T17:07:23.300Z] <<< [apiv2][body] POST https://cloudresourcemanager.googleapis.com/v1/projects/autoolinda-5199e:setIamPolicy {"error":{"code":400,"message":"Service account firebase-app-hosting-compute@autoolinda-5199e.iam.gserviceaccount.com does not exist.","status":"INVALID_ARGUMENT"}}
[warn] ⚠  Your App Hosting compute service account is still being provisioned in the background. If you encounter an error, please try again after a few moments. 
[info] i  This command links your local project to Firebase App Hosting. You will be able to deploy your web app with `firebase deploy` after setup. 
[info] i  === Set up your backend 
[debug] [2025-11-09T17:07:32.037Z] Checked if tokens are valid: true, expires at: 1762711527858
[debug] [2025-11-09T17:07:32.037Z] Checked if tokens are valid: true, expires at: 1762711527858
[debug] [2025-11-09T17:07:32.037Z] >>> [apiv2][query] GET https://firebaseapphosting.googleapis.com/v1beta/projects/autoolinda-5199e/locations 
[debug] [2025-11-09T17:07:33.338Z] <<< [apiv2][status] GET https://firebaseapphosting.googleapis.com/v1beta/projects/autoolinda-5199e/locations 200
[debug] [2025-11-09T17:07:33.339Z] <<< [apiv2][body] GET https://firebaseapphosting.googleapis.com/v1beta/projects/autoolinda-5199e/locations {"locations":[{"name":"projects/autoolinda-5199e/locations/asia-east1","locationId":"asia-east1","displayName":"Taiwan"},{"name":"projects/autoolinda-5199e/locations/asia-southeast1","locationId":"asia-southeast1","displayName":"Singapore"},{"name":"projects/autoolinda-5199e/locations/europe-west4","locationId":"europe-west4","displayName":"Netherlands"},{"name":"projects/autoolinda-5199e/locations/us-central1","locationId":"us-central1","displayName":"Iowa"},{"name":"projects/autoolinda-5199e/locations/us-east4","locationId":"us-east4","displayName":"Northern Virginia"},{"name":"projects/autoolinda-5199e/locations/us-east5","locationId":"us-east5","displayName":"Columbus"}]}
[info] ✔  Location set to us-east4.
 
[debug] [2025-11-09T17:07:51.836Z] Checked if tokens are valid: true, expires at: 1762711527858
[debug] [2025-11-09T17:07:51.836Z] Checked if tokens are valid: true, expires at: 1762711527858
[debug] [2025-11-09T17:07:51.837Z] >>> [apiv2][query] GET https://firebaseapphosting.googleapis.com/v1beta/projects/autoolinda-5199e/locations/us-east4/backends/autoolinda [none]
[debug] [2025-11-09T17:07:52.790Z] <<< [apiv2][status] GET https://firebaseapphosting.googleapis.com/v1beta/projects/autoolinda-5199e/locations/us-east4/backends/autoolinda 404
[debug] [2025-11-09T17:07:52.790Z] <<< [apiv2][body] GET https://firebaseapphosting.googleapis.com/v1beta/projects/autoolinda-5199e/locations/us-east4/backends/autoolinda {"error":{"code":404,"message":"Resource 'projects/autoolinda-5199e/locations/us-east4/backends/autoolinda' was not found","status":"NOT_FOUND","details":[{"@type":"type.googleapis.com/google.rpc.ResourceInfo","resourceName":"projects/autoolinda-5199e/locations/us-east4/backends/autoolinda"}]}}
[info] ✔  Name set to autoolinda
 
[debug] [2025-11-09T17:07:52.792Z] Checked if tokens are valid: true, expires at: 1762711527858
[debug] [2025-11-09T17:07:52.792Z] Checked if tokens are valid: true, expires at: 1762711527858
[debug] [2025-11-09T17:07:52.792Z] >>> [apiv2][query] GET https://firebase.googleapis.com/v1beta1/projects/autoolinda-5199e/webApps pageSize=100
[debug] [2025-11-09T17:07:53.610Z] <<< [apiv2][status] GET https://firebase.googleapis.com/v1beta1/projects/autoolinda-5199e/webApps 200
[debug] [2025-11-09T17:07:53.610Z] <<< [apiv2][body] GET https://firebase.googleapis.com/v1beta1/projects/autoolinda-5199e/webApps {"apps":[{"name":"projects/autoolinda-5199e/webApps/1:992114921273:web:0b81f9a88b2e14610de2e8","appId":"1:992114921273:web:0b81f9a88b2e14610de2e8","displayName":"autoolinda","projectId":"autoolinda-5199e","webId":"M2ZkZmVmOGQtMmVlNy00NmUyLTkyOTktOGM4ZWMwMzQyZTgx","apiKeyId":"cd47e566-5789-4947-9186-61f748447254","state":"ACTIVE","expireTime":"1970-01-01T00:00:00Z","etag":"1_3c7a2d15-e09e-4de0-a001-b1354aebf7ed"}]}
[debug] [2025-11-09T17:07:53.610Z] Checked if tokens are valid: true, expires at: 1762711527858
[debug] [2025-11-09T17:07:53.610Z] Checked if tokens are valid: true, expires at: 1762711527858
[debug] [2025-11-09T17:07:53.611Z] >>> [apiv2][query] GET https://firebase.googleapis.com/v1beta1/projects/autoolinda-5199e/webApps pageSize=100
[debug] [2025-11-09T17:07:54.121Z] <<< [apiv2][status] GET https://firebase.googleapis.com/v1beta1/projects/autoolinda-5199e/webApps 200
[debug] [2025-11-09T17:07:54.122Z] <<< [apiv2][body] GET https://firebase.googleapis.com/v1beta1/projects/autoolinda-5199e/webApps {"apps":[{"name":"projects/autoolinda-5199e/webApps/1:992114921273:web:0b81f9a88b2e14610de2e8","appId":"1:992114921273:web:0b81f9a88b2e14610de2e8","displayName":"autoolinda","projectId":"autoolinda-5199e","webId":"M2ZkZmVmOGQtMmVlNy00NmUyLTkyOTktOGM4ZWMwMzQyZTgx","apiKeyId":"cd47e566-5789-4947-9186-61f748447254","state":"ACTIVE","expireTime":"1970-01-01T00:00:00Z","etag":"1_3c7a2d15-e09e-4de0-a001-b1354aebf7ed"}]}
[debug] [2025-11-09T17:07:54.122Z] Checked if tokens are valid: true, expires at: 1762711527858
[debug] [2025-11-09T17:07:54.122Z] Checked if tokens are valid: true, expires at: 1762711527858
[debug] [2025-11-09T17:07:54.123Z] >>> [apiv2][query] POST https://firebase.googleapis.com/v1beta1/projects/autoolinda-5199e/webApps [none]
[debug] [2025-11-09T17:07:54.123Z] >>> [apiv2][body] POST https://firebase.googleapis.com/v1beta1/projects/autoolinda-5199e/webApps {"displayName":"autoolinda_1"}
[debug] [2025-11-09T17:07:55.900Z] <<< [apiv2][status] POST https://firebase.googleapis.com/v1beta1/projects/autoolinda-5199e/webApps 200
[debug] [2025-11-09T17:07:55.900Z] <<< [apiv2][body] POST https://firebase.googleapis.com/v1beta1/projects/autoolinda-5199e/webApps {"name":"operations/workflows/MzUxM2RlZGEtYTgxZC00OTU4LThiN2YtMDE3YzQ2MjNhNTRj"}
[debug] [2025-11-09T17:07:55.902Z] Checked if tokens are valid: true, expires at: 1762711527858
[debug] [2025-11-09T17:07:55.902Z] Checked if tokens are valid: true, expires at: 1762711527858
[debug] [2025-11-09T17:07:55.903Z] >>> [apiv2][query] GET https://firebase.googleapis.com/v1beta1/operations/workflows/MzUxM2RlZGEtYTgxZC00OTU4LThiN2YtMDE3YzQ2MjNhNTRj [none]
[debug] [2025-11-09T17:07:56.680Z] <<< [apiv2][status] GET https://firebase.googleapis.com/v1beta1/operations/workflows/MzUxM2RlZGEtYTgxZC00OTU4LThiN2YtMDE3YzQ2MjNhNTRj 200
[debug] [2025-11-09T17:07:56.681Z] <<< [apiv2][body] GET https://firebase.googleapis.com/v1beta1/operations/workflows/MzUxM2RlZGEtYTgxZC00OTU4LThiN2YtMDE3YzQ2MjNhNTRj {"name":"operations/workflows/MzUxM2RlZGEtYTgxZC00OTU4LThiN2YtMDE3YzQ2MjNhNTRj"}
[debug] [2025-11-09T17:07:57.181Z] [Create Web app Poller] Retrying task index 0
[debug] [2025-11-09T17:07:57.182Z] Checked if tokens are valid: true, expires at: 1762711527858
[debug] [2025-11-09T17:07:57.182Z] Checked if tokens are valid: true, expires at: 1762711527858
[debug] [2025-11-09T17:07:57.182Z] >>> [apiv2][query] GET https://firebase.googleapis.com/v1beta1/operations/workflows/MzUxM2RlZGEtYTgxZC00OTU4LThiN2YtMDE3YzQ2MjNhNTRj [none]
[debug] [2025-11-09T17:07:57.816Z] <<< [apiv2][status] GET https://firebase.googleapis.com/v1beta1/operations/workflows/MzUxM2RlZGEtYTgxZC00OTU4LThiN2YtMDE3YzQ2MjNhNTRj 200
[debug] [2025-11-09T17:07:57.816Z] <<< [apiv2][body] GET https://firebase.googleapis.com/v1beta1/operations/workflows/MzUxM2RlZGEtYTgxZC00OTU4LThiN2YtMDE3YzQ2MjNhNTRj {"name":"operations/workflows/MzUxM2RlZGEtYTgxZC00OTU4LThiN2YtMDE3YzQ2MjNhNTRj"}
[debug] [2025-11-09T17:07:58.818Z] [Create Web app Poller] Retrying task index 0
[debug] [2025-11-09T17:07:58.818Z] Checked if tokens are valid: true, expires at: 1762711527858
[debug] [2025-11-09T17:07:58.818Z] Checked if tokens are valid: true, expires at: 1762711527858
[debug] [2025-11-09T17:07:58.818Z] >>> [apiv2][query] GET https://firebase.googleapis.com/v1beta1/operations/workflows/MzUxM2RlZGEtYTgxZC00OTU4LThiN2YtMDE3YzQ2MjNhNTRj [none]
[debug] [2025-11-09T17:07:59.447Z] <<< [apiv2][status] GET https://firebase.googleapis.com/v1beta1/operations/workflows/MzUxM2RlZGEtYTgxZC00OTU4LThiN2YtMDE3YzQ2MjNhNTRj 200
[debug] [2025-11-09T17:07:59.447Z] <<< [apiv2][body] GET https://firebase.googleapis.com/v1beta1/operations/workflows/MzUxM2RlZGEtYTgxZC00OTU4LThiN2YtMDE3YzQ2MjNhNTRj {"name":"operations/workflows/MzUxM2RlZGEtYTgxZC00OTU4LThiN2YtMDE3YzQ2MjNhNTRj"}
[debug] [2025-11-09T17:08:01.450Z] [Create Web app Poller] Retrying task index 0
[debug] [2025-11-09T17:08:01.450Z] Checked if tokens are valid: true, expires at: 1762711527858
[debug] [2025-11-09T17:08:01.450Z] Checked if tokens are valid: true, expires at: 1762711527858
[debug] [2025-11-09T17:08:01.450Z] >>> [apiv2][query] GET https://firebase.googleapis.com/v1beta1/operations/workflows/MzUxM2RlZGEtYTgxZC00OTU4LThiN2YtMDE3YzQ2MjNhNTRj [none]
[debug] [2025-11-09T17:08:02.211Z] <<< [apiv2][status] GET https://firebase.googleapis.com/v1beta1/operations/workflows/MzUxM2RlZGEtYTgxZC00OTU4LThiN2YtMDE3YzQ2MjNhNTRj 200
[debug] [2025-11-09T17:08:02.211Z] <<< [apiv2][body] GET https://firebase.googleapis.com/v1beta1/operations/workflows/MzUxM2RlZGEtYTgxZC00OTU4LThiN2YtMDE3YzQ2MjNhNTRj {"name":"operations/workflows/MzUxM2RlZGEtYTgxZC00OTU4LThiN2YtMDE3YzQ2MjNhNTRj","done":true,"response":{"@type":"type.googleapis.com/google.firebase.service.v1beta1.WebApp","name":"projects/autoolinda-5199e/webApps/1:992114921273:web:52148d849a9473a40de2e8","appId":"1:992114921273:web:52148d849a9473a40de2e8","displayName":"autoolinda_1","projectId":"autoolinda-5199e","webId":"MGVhMDUyNzYtNTQ0YS00MTExLTgxYmUtNmJiNDgzMDg0N2Y0","apiKeyId":"cd47e566-5789-4947-9186-61f748447254","state":"ACTIVE","expireTime":"1970-01-01T00:00:00Z","etag":"1_5e09206a-2c20-4d2a-8087-344014c411f2"}}
[info] ✔  Created a new Firebase web app named "autoolinda_1" 
[debug] [2025-11-09T17:08:02.217Z] Checked if tokens are valid: true, expires at: 1762711527858
[debug] [2025-11-09T17:08:02.217Z] Checked if tokens are valid: true, expires at: 1762711527858
[debug] [2025-11-09T17:08:02.217Z] >>> [apiv2][query] POST https://firebaseapphosting.googleapis.com/v1beta/projects/autoolinda-5199e/locations/us-east4/backends backendId=autoolinda
[debug] [2025-11-09T17:08:02.217Z] >>> [apiv2][body] POST https://firebaseapphosting.googleapis.com/v1beta/projects/autoolinda-5199e/locations/us-east4/backends {"servingLocality":"GLOBAL_ACCESS","labels":{"deployment-tool":"cli-firebase"},"serviceAccount":"firebase-app-hosting-compute@autoolinda-5199e.iam.gserviceaccount.com","appId":"1:992114921273:web:52148d849a9473a40de2e8"}
[debug] [2025-11-09T17:08:05.374Z] <<< [apiv2][status] POST https://firebaseapphosting.googleapis.com/v1beta/projects/autoolinda-5199e/locations/us-east4/backends 200
[debug] [2025-11-09T17:08:05.374Z] <<< [apiv2][body] POST https://firebaseapphosting.googleapis.com/v1beta/projects/autoolinda-5199e/locations/us-east4/backends {"name":"projects/autoolinda-5199e/locations/us-east4/operations/operation-1762708083057-6432c75222476-291da79d-f830ce09","metadata":{"@type":"type.googleapis.com/google.firebase.apphosting.v1beta.OperationMetadata","createTime":"2025-11-09T17:08:05.174360692Z","target":"projects/autoolinda-5199e/locations/us-east4/backends/autoolinda","verb":"create","requestedCancellation":false,"apiVersion":"v1beta"},"done":false}
[debug] [2025-11-09T17:08:05.374Z] Checked if tokens are valid: true, expires at: 1762711527858
[debug] [2025-11-09T17:08:05.374Z] Checked if tokens are valid: true, expires at: 1762711527858
[debug] [2025-11-09T17:08:05.374Z] >>> [apiv2][query] GET https://firebaseapphosting.googleapis.com/v1beta/projects/autoolinda-5199e/locations/us-east4/operations/operation-1762708083057-6432c75222476-291da79d-f830ce09 [none]
[debug] [2025-11-09T17:08:05.589Z] <<< [apiv2][status] GET https://firebaseapphosting.googleapis.com/v1beta/projects/autoolinda-5199e/locations/us-east4/operations/operation-1762708083057-6432c75222476-291da79d-f830ce09 200
[debug] [2025-11-09T17:08:05.589Z] <<< [apiv2][body] GET https://firebaseapphosting.googleapis.com/v1beta/projects/autoolinda-5199e/locations/us-east4/operations/operation-1762708083057-6432c75222476-291da79d-f830ce09 {"name":"projects/autoolinda-5199e/locations/us-east4/operations/operation-1762708083057-6432c75222476-291da79d-f830ce09","metadata":{"@type":"type.googleapis.com/google.firebase.apphosting.v1beta.OperationMetadata","createTime":"2025-11-09T17:08:05.174360692Z","target":"projects/autoolinda-5199e/locations/us-east4/backends/autoolinda","verb":"create","requestedCancellation":false,"apiVersion":"v1beta"},"done":false}
[debug] [2025-11-09T17:08:06.090Z] [create-autoolinda-5199e-us-east4-autoolinda] Retrying task index 0
[debug] [2025-11-09T17:08:06.091Z] Checked if tokens are valid: true, expires at: 1762711527858
[debug] [2025-11-09T17:08:06.091Z] Checked if tokens are valid: true, expires at: 1762711527858
[debug] [2025-11-09T17:08:06.091Z] >>> [apiv2][query] GET https://firebaseapphosting.googleapis.com/v1beta/projects/autoolinda-5199e/locations/us-east4/operations/operation-1762708083057-6432c75222476-291da79d-f830ce09 [none]
[debug] [2025-11-09T17:08:06.306Z] <<< [apiv2][status] GET https://firebaseapphosting.googleapis.com/v1beta/projects/autoolinda-5199e/locations/us-east4/operations/operation-1762708083057-6432c75222476-291da79d-f830ce09 200
[debug] [2025-11-09T17:08:06.306Z] <<< [apiv2][body] GET https://firebaseapphosting.googleapis.com/v1beta/projects/autoolinda-5199e/locations/us-east4/operations/operation-1762708083057-6432c75222476-291da79d-f830ce09 {"name":"projects/autoolinda-5199e/locations/us-east4/operations/operation-1762708083057-6432c75222476-291da79d-f830ce09","metadata":{"@type":"type.googleapis.com/google.firebase.apphosting.v1beta.OperationMetadata","createTime":"2025-11-09T17:08:05.174360692Z","endTime":"2025-11-09T17:08:05.515202189Z","target":"projects/autoolinda-5199e/locations/us-east4/backends/autoolinda","verb":"create","requestedCancellation":false,"apiVersion":"v1beta"},"done":true,"response":{"@type":"type.googleapis.com/google.firebase.apphosting.v1beta.Backend","name":"projects/autoolinda-5199e/locations/us-east4/backends/autoolinda","createTime":"2025-11-09T17:08:05.171928232Z","updateTime":"2025-11-09T17:08:05.511788Z","labels":{"deployment-tool":"cli-firebase"},"uri":"autoolinda--autoolinda-5199e.us-east4.hosted.app","uid":"ecdd344f-cc2b-47d2-a2c2-ca68cc3121f7","etag":"kPu2ikz8Uyb04lc4ddJvmgzTkGrGhfWGGGrZWOTOe30","reconciling":false,"servingLocality":"GLOBAL_ACCESS","serviceAccount":"firebase-app-hosting-compute@autoolinda-5199e.iam.gserviceaccount.com","appId":"1:992114921273:web:52148d849a9473a40de2e8"}}
[info] i  === Deploy local source setup 
[info] ✔  Wrote configuration info to firebase.json 
[info] i  Writing default settings to apphosting.yaml... 
[info] ✔  Wrote /home/victor/Documentos/AquaClean/apphosting.yaml 
[info] ✔  Firebase initialization complete! 
[info] 
=== Hosting Setup
[debug] [2025-11-09T17:08:10.909Z] Checked if tokens are valid: true, expires at: 1762711527858
[debug] [2025-11-09T17:08:10.909Z] Checked if tokens are valid: true, expires at: 1762711527858
[debug] [2025-11-09T17:08:10.909Z] >>> [apiv2][query] GET https://firebase.googleapis.com/v1beta1/projects/autoolinda-5199e [none]
[debug] [2025-11-09T17:08:11.418Z] <<< [apiv2][status] GET https://firebase.googleapis.com/v1beta1/projects/autoolinda-5199e 200
[debug] [2025-11-09T17:08:11.418Z] <<< [apiv2][body] GET https://firebase.googleapis.com/v1beta1/projects/autoolinda-5199e {"projectId":"autoolinda-5199e","projectNumber":"992114921273","displayName":"autoolinda","name":"projects/autoolinda-5199e","resources":{"hostingSite":"autoolinda-5199e"},"state":"ACTIVE","etag":"1_c0be065a-b35c-4981-97c5-35a962ac7bf3"}
[info] 
[info] Your public directory is the folder (relative to your project directory) that
[info] will contain Hosting assets to be uploaded with firebase deploy. If you
[info] have a build process for your assets, use your build's output directory.
[info] 
[info] 
[info] i  Detected a .git folder at /home/victor/Documentos/AquaClean 
[info] i  Authorizing with GitHub to upload your service account to a GitHub repository's secrets store. 
[info] 
[info] Visit this URL on this device to log in:
[info] https://github.com/login/oauth/authorize?client_id=89cf50f02ac6aaed3484&state=455012838&redirect_uri=http%3A%2F%2Flocalhost%3A9005&scope=read%3Auser%20repo%20public_repo
[info] 
[info] Waiting for authentication...
[debug] [2025-11-09T17:08:28.635Z] >>> [apiv2][query] POST https://github.com/login/oauth/access_token [none]
[debug] [2025-11-09T17:08:28.635Z] >>> [apiv2][body] POST https://github.com/login/oauth/access_token [stream]
[debug] [2025-11-09T17:08:29.039Z] <<< [apiv2][status] POST https://github.com/login/oauth/access_token 200
[debug] [2025-11-09T17:08:29.039Z] <<< [apiv2][body] POST https://github.com/login/oauth/access_token {"access_token":"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","token_type":"bearer","scope":"read:user,repo"}
[debug] [2025-11-09T17:08:29.043Z] >>> [apiv2][query] GET https://api.github.com/user [none]
[debug] [2025-11-09T17:08:29.551Z] <<< [apiv2][status] GET https://api.github.com/user 200
[debug] [2025-11-09T17:08:29.551Z] <<< [apiv2][body] GET https://api.github.com/user {"login":"leaovictor","id":89106810,"node_id":"MDQ6VXNlcjg5MTA2ODEw","avatar_url":"https://avatars.githubusercontent.com/u/89106810?v=4","gravatar_id":"","url":"https://api.github.com/users/leaovictor","html_url":"https://github.com/leaovictor","followers_url":"https://api.github.com/users/leaovictor/followers","following_url":"https://api.github.com/users/leaovictor/following{/other_user}","gists_url":"https://api.github.com/users/leaovictor/gists{/gist_id}","starred_url":"https://api.github.com/users/leaovictor/starred{/owner}{/repo}","subscriptions_url":"https://api.github.com/users/leaovictor/subscriptions","organizations_url":"https://api.github.com/users/leaovictor/orgs","repos_url":"https://api.github.com/users/leaovictor/repos","events_url":"https://api.github.com/users/leaovictor/events{/privacy}","received_events_url":"https://api.github.com/users/leaovictor/received_events","type":"User","user_view_type":"private","site_admin":false,"name":"Victor Leão","company":null,"blog":"","location":"Pernambuco","email":null,"hireable":null,"bio":"Analista de Testes","twitter_username":"victorleaoreal","notification_email":null,"public_repos":101,"public_gists":0,"followers":12,"following":37,"created_at":"2021-08-17T21:25:39Z","updated_at":"2025-10-31T16:23:25Z","private_gists":0,"total_private_repos":32,"owned_private_repos":32,"disk_usage":438978,"collaborators":0,"two_factor_authentication":true,"plan":{"name":"free","space":976562499,"collaborators":0,"private_repos":10000}}
[info] 
[info] ✔  Success! Logged into GitHub as leaovictor 
[info] 
[debug] [2025-11-09T17:08:59.115Z] >>> [apiv2][query] GET https://api.github.com/repos//actions/secrets/public-key type=owner
[debug] [2025-11-09T17:08:59.450Z] <<< [apiv2][status] GET https://api.github.com/repos//actions/secrets/public-key 404
[debug] [2025-11-09T17:08:59.451Z] <<< [apiv2][body] GET https://api.github.com/repos//actions/secrets/public-key {"message":"Not Found","documentation_url":"https://docs.github.com/rest","status":"404"}
[info] 
[info] 
[error] ⚠  The provided authorization cannot be used with this repository. If this repository is in an organization, did you remember to grant access? 
[info] 
[info] i  Action required: Visit this URL to ensure access has been granted to the appropriate organization(s) for the Firebase CLI GitHub OAuth App: 
[info] https://github.com/settings/connections/applications/89cf50f02ac6aaed3484
[info] 
